[0mGET /api [33m404 [0m609.751 ms - 1793[0m
[0mGET /stylesheets/style.css [36m304 [0m3.075 ms - -[0m
[0mGET /api2 [33m404 [0m28.053 ms - 1793[0m
[0mGET /stylesheets/style.css [36m304 [0m8.618 ms - -[0m
::1 - - [15/Jan/2019:20:42:16 +0000] "GET /api HTTP/1.1" 404 1793 "-" "Mozilla/5.0 (Windows NT 10.0; Win64; x64) AppleWebKit/537.36 (KHTML, like Gecko) Chrome/71.0.3578.98 Safari/537.36"
::1 - - [15/Jan/2019:20:42:16 +0000] "GET /stylesheets/style.css HTTP/1.1" 304 - "http://localhost:3000/api" "Mozilla/5.0 (Windows NT 10.0; Win64; x64) AppleWebKit/537.36 (KHTML, like Gecko) Chrome/71.0.3578.98 Safari/537.36"
::1 - - [15/Jan/2019:21:11:06 +0000] "GET /api/news2 HTTP/1.1" 404 1553 "-" "Mozilla/5.0 (Windows NT 10.0; Win64; x64) AppleWebKit/537.36 (KHTML, like Gecko) Chrome/71.0.3578.98 Safari/537.36"
::1 - - [15/Jan/2019:21:11:06 +0000] "GET /stylesheets/style.css HTTP/1.1" 304 - "http://localhost:3000/api/news2" "Mozilla/5.0 (Windows NT 10.0; Win64; x64) AppleWebKit/537.36 (KHTML, like Gecko) Chrome/71.0.3578.98 Safari/537.36"
::1 - - [24/Jan/2019:19:40:56 +0000] "DELETE /api/news?author=Volha%20Manko HTTP/1.1" 404 1548 "-" "PostmanRuntime/7.6.0"
::1 - - [24/Jan/2019:19:59:13 +0000] "DELETE /api/news HTTP/1.1" 404 1548 "-" "PostmanRuntime/7.6.0"
::1 - - [24/Jan/2019:20:22:08 +0000] "GET / HTTP/1.1" 304 - "-" "Mozilla/5.0 (Windows NT 10.0; Win64; x64) AppleWebKit/537.36 (KHTML, like Gecko) Chrome/71.0.3578.98 Safari/537.36"
::1 - - [24/Jan/2019:20:22:08 +0000] "GET /stylesheets/style.css HTTP/1.1" 200 111 "http://localhost:3000/" "Mozilla/5.0 (Windows NT 10.0; Win64; x64) AppleWebKit/537.36 (KHTML, like Gecko) Chrome/71.0.3578.98 Safari/537.36"
::1 - - [24/Jan/2019:20:22:13 +0000] "GET /api HTTP/1.1" 404 1553 "-" "Mozilla/5.0 (Windows NT 10.0; Win64; x64) AppleWebKit/537.36 (KHTML, like Gecko) Chrome/71.0.3578.98 Safari/537.36"
::1 - - [24/Jan/2019:20:22:13 +0000] "GET /stylesheets/style.css HTTP/1.1" 304 - "http://localhost:3000/api" "Mozilla/5.0 (Windows NT 10.0; Win64; x64) AppleWebKit/537.36 (KHTML, like Gecko) Chrome/71.0.3578.98 Safari/537.36"
::1 - - [24/Jan/2019:20:22:15 +0000] "GET /stylesheets/style.css HTTP/1.1" 200 111 "http://localhost:3000/api/news" "Mozilla/5.0 (Windows NT 10.0; Win64; x64) AppleWebKit/537.36 (KHTML, like Gecko) Chrome/71.0.3578.98 Safari/537.36"
::1 - - [24/Jan/2019:20:23:53 +0000] "GET /stylesheets/style.css HTTP/1.1" 304 - "http://localhost:3000/api/news" "Mozilla/5.0 (Windows NT 10.0; Win64; x64) AppleWebKit/537.36 (KHTML, like Gecko) Chrome/71.0.3578.98 Safari/537.36"
::1 - - [24/Jan/2019:20:25:31 +0000] "GET /stylesheets/style.css HTTP/1.1" 304 - "http://localhost:3000/api/news" "Mozilla/5.0 (Windows NT 10.0; Win64; x64) AppleWebKit/537.36 (KHTML, like Gecko) Chrome/71.0.3578.98 Safari/537.36"
::1 - - [24/Jan/2019:20:25:37 +0000] "GET /stylesheets/style.css HTTP/1.1" 304 - "http://localhost:3000/api/news" "Mozilla/5.0 (Windows NT 10.0; Win64; x64) AppleWebKit/537.36 (KHTML, like Gecko) Chrome/71.0.3578.98 Safari/537.36"
::1 - - [24/Jan/2019:20:31:06 +0000] "PUT /api/news?_id=5c3ddb20fb6fc0600be0ae3a&title=Bue HTTP/1.1" 404 1548 "-" "PostmanRuntime/7.6.0"
::1 - - [25/Jan/2019:06:52:36 +0000] "DELETE /api/news?author=Konstantin%20Tarkus HTTP/1.1" 404 1548 "-" "PostmanRuntime/7.6.0"
::1 - - [25/Jan/2019:07:03:09 +0000] "DELETE /api/news/?_id=5c4ab463cd3f01845b392d46 HTTP/1.1" 404 1548 "-" "PostmanRuntime/7.6.0"
::1 - - [25/Jan/2019:07:03:17 +0000] "DELETE /api/news?_id=5c4ab463cd3f01845b392d46 HTTP/1.1" 404 1548 "-" "PostmanRuntime/7.6.0"
::1 - - [25/Jan/2019:07:05:09 +0000] "DELETE /api/news HTTP/1.1" 404 1548 "-" "PostmanRuntime/7.6.0"
::1 - - [25/Jan/2019:07:05:25 +0000] "GET / HTTP/1.1" 304 - "-" "Mozilla/5.0 (Windows NT 10.0; Win64; x64) AppleWebKit/537.36 (KHTML, like Gecko) Chrome/71.0.3578.98 Safari/537.36"
::1 - - [25/Jan/2019:07:05:25 +0000] "GET /stylesheets/style.css HTTP/1.1" 200 111 "http://localhost:3000/" "Mozilla/5.0 (Windows NT 10.0; Win64; x64) AppleWebKit/537.36 (KHTML, like Gecko) Chrome/71.0.3578.98 Safari/537.36"
::1 - - [25/Jan/2019:07:05:29 +0000] "GET /news HTTP/1.1" 404 1553 "-" "Mozilla/5.0 (Windows NT 10.0; Win64; x64) AppleWebKit/537.36 (KHTML, like Gecko) Chrome/71.0.3578.98 Safari/537.36"
::1 - - [25/Jan/2019:07:05:30 +0000] "GET /stylesheets/style.css HTTP/1.1" 200 111 "http://localhost:3000/news" "Mozilla/5.0 (Windows NT 10.0; Win64; x64) AppleWebKit/537.36 (KHTML, like Gecko) Chrome/71.0.3578.98 Safari/537.36"
::1 - - [25/Jan/2019:07:05:34 +0000] "GET /api HTTP/1.1" 404 1553 "-" "Mozilla/5.0 (Windows NT 10.0; Win64; x64) AppleWebKit/537.36 (KHTML, like Gecko) Chrome/71.0.3578.98 Safari/537.36"
::1 - - [25/Jan/2019:07:05:34 +0000] "GET /stylesheets/style.css HTTP/1.1" 304 - "http://localhost:3000/api" "Mozilla/5.0 (Windows NT 10.0; Win64; x64) AppleWebKit/537.36 (KHTML, like Gecko) Chrome/71.0.3578.98 Safari/537.36"
::1 - - [25/Jan/2019:07:05:37 +0000] "GET /stylesheets/style.css HTTP/1.1" 304 - "http://localhost:3000/api/news" "Mozilla/5.0 (Windows NT 10.0; Win64; x64) AppleWebKit/537.36 (KHTML, like Gecko) Chrome/71.0.3578.98 Safari/537.36"
::1 - - [25/Jan/2019:07:05:41 +0000] "GET /stylesheets/style.css HTTP/1.1" 304 - "http://localhost:3000/api/news" "Mozilla/5.0 (Windows NT 10.0; Win64; x64) AppleWebKit/537.36 (KHTML, like Gecko) Chrome/71.0.3578.98 Safari/537.36"
::1 - - [25/Jan/2019:07:14:12 +0000] "POST /api/news/5c4ab01de7179a090e09c532?author=Jay%20Lo HTTP/1.1" 404 1548 "-" "PostmanRuntime/7.6.0"
::1 - - [25/Jan/2019:07:14:36 +0000] "POST /api/news/5c4ab01de7179a090e09c532 HTTP/1.1" 404 1548 "-" "PostmanRuntime/7.6.0"
::1 - - [25/Jan/2019:07:14:48 +0000] "POST /api/news/5c4ab01de7179a090e09c532/update HTTP/1.1" 404 1548 "-" "PostmanRuntime/7.6.0"
::1 - - [25/Jan/2019:07:20:30 +0000] "PUT /api/news/ HTTP/1.1" 404 1548 "-" "PostmanRuntime/7.6.0"
::1 - - [25/Jan/2019:07:23:09 +0000] "GET /stylesheets/style.css HTTP/1.1" 304 - "http://localhost:3000/api/news" "Mozilla/5.0 (Windows NT 10.0; Win64; x64) AppleWebKit/537.36 (KHTML, like Gecko) Chrome/71.0.3578.98 Safari/537.36"
::1 - - [25/Jan/2019:07:25:34 +0000] "GET /stylesheets/style.css HTTP/1.1" 304 - "http://localhost:3000/api/news" "Mozilla/5.0 (Windows NT 10.0; Win64; x64) AppleWebKit/537.36 (KHTML, like Gecko) Chrome/71.0.3578.98 Safari/537.36"
::1 - - [25/Jan/2019:07:58:15 +0000] "GET /stylesheets/style.css HTTP/1.1" 304 - "http://localhost:3000/api/news/5c4ab01de7179a090e09c532" "Mozilla/5.0 (Windows NT 10.0; Win64; x64) AppleWebKit/537.36 (KHTML, like Gecko) Chrome/71.0.3578.98 Safari/537.36"
::1 - - [25/Jan/2019:08:43:56 +0000] "GET /api/news/ HTTP/1.1" 200 622 "-" "PostmanRuntime/7.6.0"
::1 - - [25/Jan/2019:08:50:29 +0000] "POST /api/news/5c4ab01de7179a090e09c532?title=You%20might%20not%20need%20React%20Router HTTP/1.1" 404 1658 "-" "PostmanRuntime/7.6.0"
::1 - - [25/Jan/2019:08:50:55 +0000] "GET /api/news/5c4ab01de7179a090e09c532 HTTP/1.1" 200 230 "-" "PostmanRuntime/7.6.0"
::1 - - [25/Jan/2019:08:51:12 +0000] "GET /api/news/5c4ab01de7179a090e09c532 HTTP/1.1" 200 230 "-" "PostmanRuntime/7.6.0"
::1 - - [25/Jan/2019:08:51:20 +0000] "POST /api/news/5c4ab01de7179a090e09c532 HTTP/1.1" 404 1658 "-" "PostmanRuntime/7.6.0"
::1 - - [25/Jan/2019:08:51:28 +0000] "PUT /api/news/5c4ab01de7179a090e09c532 HTTP/1.1" 200 44 "-" "PostmanRuntime/7.6.0"
::1 - - [25/Jan/2019:08:51:34 +0000] "GET /api/news/5c4ab01de7179a090e09c532 HTTP/1.1" 200 227 "-" "PostmanRuntime/7.6.0"
::1 - - [25/Jan/2019:08:51:38 +0000] "GET /api/news HTTP/1.1" 200 619 "-" "PostmanRuntime/7.6.0"
::1 - - [25/Jan/2019:09:14:53 +0000] "GET /api/news HTTP/1.1" 200 619 "-" "PostmanRuntime/7.6.0"
::1 - - [25/Jan/2019:09:21:36 +0000] "GET /api/news/ HTTP/1.1" 200 619 "-" "Mozilla/5.0 (Windows NT 10.0; Win64; x64) AppleWebKit/537.36 (KHTML, like Gecko) Chrome/71.0.3578.98 Safari/537.36"
::1 - - [25/Jan/2019:09:21:39 +0000] "GET /api/ HTTP/1.1" 404 1658 "-" "Mozilla/5.0 (Windows NT 10.0; Win64; x64) AppleWebKit/537.36 (KHTML, like Gecko) Chrome/71.0.3578.98 Safari/537.36"
::1 - - [25/Jan/2019:09:21:39 +0000] "GET /stylesheets/style.css HTTP/1.1" 304 - "http://localhost:3000/api/" "Mozilla/5.0 (Windows NT 10.0; Win64; x64) AppleWebKit/537.36 (KHTML, like Gecko) Chrome/71.0.3578.98 Safari/537.36"
::1 - - [25/Jan/2019:09:21:45 +0000] "GET / HTTP/1.1" 200 259 "-" "Mozilla/5.0 (Windows NT 10.0; Win64; x64) AppleWebKit/537.36 (KHTML, like Gecko) Chrome/71.0.3578.98 Safari/537.36"
::1 - - [25/Jan/2019:09:21:45 +0000] "GET /stylesheets/style.css HTTP/1.1" 304 - "http://localhost:3000/" "Mozilla/5.0 (Windows NT 10.0; Win64; x64) AppleWebKit/537.36 (KHTML, like Gecko) Chrome/71.0.3578.98 Safari/537.36"
::1 - - [25/Jan/2019:09:21:48 +0000] "GET /login HTTP/1.1" 404 1658 "http://localhost:3000/" "Mozilla/5.0 (Windows NT 10.0; Win64; x64) AppleWebKit/537.36 (KHTML, like Gecko) Chrome/71.0.3578.98 Safari/537.36"
::1 - - [25/Jan/2019:09:21:48 +0000] "GET /stylesheets/style.css HTTP/1.1" 304 - "http://localhost:3000/login" "Mozilla/5.0 (Windows NT 10.0; Win64; x64) AppleWebKit/537.36 (KHTML, like Gecko) Chrome/71.0.3578.98 Safari/537.36"
::1 - - [25/Jan/2019:09:21:50 +0000] "GET /signup HTTP/1.1" 404 1658 "http://localhost:3000/" "Mozilla/5.0 (Windows NT 10.0; Win64; x64) AppleWebKit/537.36 (KHTML, like Gecko) Chrome/71.0.3578.98 Safari/537.36"
::1 - - [25/Jan/2019:09:21:50 +0000] "GET /stylesheets/style.css HTTP/1.1" 304 - "http://localhost:3000/signup" "Mozilla/5.0 (Windows NT 10.0; Win64; x64) AppleWebKit/537.36 (KHTML, like Gecko) Chrome/71.0.3578.98 Safari/537.36"
::1 - - [25/Jan/2019:09:22:11 +0000] "GET / HTTP/1.1" 200 257 "-" "Mozilla/5.0 (Windows NT 10.0; Win64; x64) AppleWebKit/537.36 (KHTML, like Gecko) Chrome/71.0.3578.98 Safari/537.36"
::1 - - [25/Jan/2019:09:22:11 +0000] "GET /stylesheets/style.css HTTP/1.1" 304 - "http://localhost:3000/" "Mozilla/5.0 (Windows NT 10.0; Win64; x64) AppleWebKit/537.36 (KHTML, like Gecko) Chrome/71.0.3578.98 Safari/537.36"
::1 - - [25/Jan/2019:09:22:13 +0000] "GET /login HTTP/1.1" 404 1658 "http://localhost:3000/" "Mozilla/5.0 (Windows NT 10.0; Win64; x64) AppleWebKit/537.36 (KHTML, like Gecko) Chrome/71.0.3578.98 Safari/537.36"
::1 - - [25/Jan/2019:09:22:13 +0000] "GET /stylesheets/style.css HTTP/1.1" 304 - "http://localhost:3000/login" "Mozilla/5.0 (Windows NT 10.0; Win64; x64) AppleWebKit/537.36 (KHTML, like Gecko) Chrome/71.0.3578.98 Safari/537.36"
::1 - - [25/Jan/2019:09:22:15 +0000] "GET /signup HTTP/1.1" 404 1658 "http://localhost:3000/" "Mozilla/5.0 (Windows NT 10.0; Win64; x64) AppleWebKit/537.36 (KHTML, like Gecko) Chrome/71.0.3578.98 Safari/537.36"
::1 - - [25/Jan/2019:09:22:15 +0000] "GET /stylesheets/style.css HTTP/1.1" 304 - "http://localhost:3000/signup" "Mozilla/5.0 (Windows NT 10.0; Win64; x64) AppleWebKit/537.36 (KHTML, like Gecko) Chrome/71.0.3578.98 Safari/537.36"
::1 - - [25/Jan/2019:17:10:48 +0000] "GET / HTTP/1.1" 200 257 "-" "Mozilla/5.0 (Windows NT 10.0; Win64; x64) AppleWebKit/537.36 (KHTML, like Gecko) Chrome/71.0.3578.98 Safari/537.36"
::1 - - [25/Jan/2019:17:10:48 +0000] "GET /stylesheets/style.css HTTP/1.1" 200 111 "http://localhost:3000/" "Mozilla/5.0 (Windows NT 10.0; Win64; x64) AppleWebKit/537.36 (KHTML, like Gecko) Chrome/71.0.3578.98 Safari/537.36"
::1 - - [25/Jan/2019:17:10:49 +0000] "GET /favicon.ico HTTP/1.1" 404 1658 "http://localhost:3000/" "Mozilla/5.0 (Windows NT 10.0; Win64; x64) AppleWebKit/537.36 (KHTML, like Gecko) Chrome/71.0.3578.98 Safari/537.36"
::1 - - [25/Jan/2019:17:28:25 +0000] "GET /api/news HTTP/1.1" 200 619 "-" "PostmanRuntime/7.6.0"
::1 - - [25/Jan/2019:17:31:52 +0000] "GET /api/news HTTP/1.1" 200 619 "-" "PostmanRuntime/7.6.0"
::1 - - [25/Jan/2019:17:37:19 +0000] "GET /api/news HTTP/1.1" 200 619 "-" "PostmanRuntime/7.6.0"
::1 - - [25/Jan/2019:17:37:53 +0000] "GET /api/news HTTP/1.1" 200 619 "-" "PostmanRuntime/7.6.0"
::1 - - [25/Jan/2019:17:41:36 +0000] "GET /api/signup HTTP/1.1" 404 1658 "-" "PostmanRuntime/7.6.0"
::1 - - [25/Jan/2019:17:41:42 +0000] "POST /api/signup HTTP/1.1" 404 1658 "-" "PostmanRuntime/7.6.0"
::1 - - [25/Jan/2019:17:41:51 +0000] "POST /api/news/signup HTTP/1.1" 404 1658 "-" "PostmanRuntime/7.6.0"
::1 - - [25/Jan/2019:17:41:59 +0000] "POST /signup HTTP/1.1" 404 1658 "-" "PostmanRuntime/7.6.0"
::1 - - [25/Jan/2019:17:45:06 +0000] "GET /api/news HTTP/1.1" 200 619 "-" "PostmanRuntime/7.6.0"
::1 - - [25/Jan/2019:17:48:02 +0000] "GET /api/news HTTP/1.1" 200 619 "-" "PostmanRuntime/7.6.0"
::1 - - [25/Jan/2019:17:48:46 +0000] "POST /signup HTTP/1.1" 404 1658 "-" "PostmanRuntime/7.6.0"
::1 - - [25/Jan/2019:17:50:31 +0000] "POST /api/signup HTTP/1.1" 404 1658 "-" "PostmanRuntime/7.6.0"
::1 - - [25/Jan/2019:17:50:53 +0000] "POST /api/signup HTTP/1.1" 404 1658 "-" "PostmanRuntime/7.6.0"
::1 - - [25/Jan/2019:17:52:06 +0000] "POST /api/users HTTP/1.1" 404 1658 "-" "PostmanRuntime/7.6.0"
::1 - - [25/Jan/2019:17:53:43 +0000] "POST /api/users HTTP/1.1" 404 1658 "-" "PostmanRuntime/7.6.0"
::1 - - [25/Jan/2019:17:53:50 +0000] "POST /users HTTP/1.1" 404 1658 "-" "PostmanRuntime/7.6.0"
::1 - - [25/Jan/2019:17:53:57 +0000] "GET /users HTTP/1.1" 200 23 "-" "PostmanRuntime/7.6.0"
::1 - - [25/Jan/2019:17:53:59 +0000] "GET /users HTTP/1.1" 200 23 "-" "PostmanRuntime/7.6.0"
::1 - - [25/Jan/2019:17:54:30 +0000] "POST /users/signup HTTP/1.1" 500 1605 "-" "PostmanRuntime/7.6.0"
::1 - - [25/Jan/2019:17:54:38 +0000] "POST /signup HTTP/1.1" 404 1658 "-" "PostmanRuntime/7.6.0"
::1 - - [25/Jan/2019:17:55:04 +0000] "POST /api/signup HTTP/1.1" 404 1658 "-" "PostmanRuntime/7.6.0"
::1 - - [25/Jan/2019:17:57:21 +0000] "POST /api/signup HTTP/1.1" 404 1658 "-" "PostmanRuntime/7.6.0"
::1 - - [25/Jan/2019:17:57:30 +0000] "GET /api/signup HTTP/1.1" 404 1658 "-" "Mozilla/5.0 (Windows NT 10.0; Win64; x64) AppleWebKit/537.36 (KHTML, like Gecko) Chrome/71.0.3578.98 Safari/537.36"
::1 - - [25/Jan/2019:17:57:30 +0000] "GET /stylesheets/style.css HTTP/1.1" 200 111 "http://localhost:3000/api/signup" "Mozilla/5.0 (Windows NT 10.0; Win64; x64) AppleWebKit/537.36 (KHTML, like Gecko) Chrome/71.0.3578.98 Safari/537.36"
::1 - - [25/Jan/2019:17:57:38 +0000] "GET / HTTP/1.1" 200 170 "-" "Mozilla/5.0 (Windows NT 10.0; Win64; x64) AppleWebKit/537.36 (KHTML, like Gecko) Chrome/71.0.3578.98 Safari/537.36"
::1 - - [25/Jan/2019:17:57:38 +0000] "GET /stylesheets/style.css HTTP/1.1" 304 - "http://localhost:3000/" "Mozilla/5.0 (Windows NT 10.0; Win64; x64) AppleWebKit/537.36 (KHTML, like Gecko) Chrome/71.0.3578.98 Safari/537.36"
::1 - - [25/Jan/2019:17:57:41 +0000] "GET /api HTTP/1.1" 404 1658 "-" "Mozilla/5.0 (Windows NT 10.0; Win64; x64) AppleWebKit/537.36 (KHTML, like Gecko) Chrome/71.0.3578.98 Safari/537.36"
::1 - - [25/Jan/2019:17:57:41 +0000] "GET /stylesheets/style.css HTTP/1.1" - - "http://localhost:3000/api" "Mozilla/5.0 (Windows NT 10.0; Win64; x64) AppleWebKit/537.36 (KHTML, like Gecko) Chrome/71.0.3578.98 Safari/537.36"
::1 - - [25/Jan/2019:17:57:41 +0000] "GET /stylesheets/style.css HTTP/1.1" 200 111 "http://localhost:3000/api" "Mozilla/5.0 (Windows NT 10.0; Win64; x64) AppleWebKit/537.36 (KHTML, like Gecko) Chrome/71.0.3578.98 Safari/537.36"
::1 - - [25/Jan/2019:17:57:44 +0000] "GET /api/news HTTP/1.1" 200 619 "-" "Mozilla/5.0 (Windows NT 10.0; Win64; x64) AppleWebKit/537.36 (KHTML, like Gecko) Chrome/71.0.3578.98 Safari/537.36"
::1 - - [25/Jan/2019:18:25:10 +0000] "POST /api/news HTTP/1.1" 200 79 "-" "PostmanRuntime/7.6.0"
::1 - - [25/Jan/2019:18:25:14 +0000] "GET /api/news HTTP/1.1" 200 699 "-" "PostmanRuntime/7.6.0"
::1 - - [25/Jan/2019:18:25:48 +0000] "POST /api/signup HTTP/1.1" 404 1658 "-" "PostmanRuntime/7.6.0"
::1 - - [25/Jan/2019:18:26:02 +0000] "POST /api/signup HTTP/1.1" 404 1658 "-" "PostmanRuntime/7.6.0"
::1 - - [25/Jan/2019:18:29:03 +0000] "POST /api/signup HTTP/1.1" 404 1562 "-" "PostmanRuntime/7.6.0"
::1 - - [25/Jan/2019:18:32:24 +0000] "GET /api/news HTTP/1.1" 200 699 "-" "PostmanRuntime/7.6.0"
::1 - - [27/Jan/2019:12:34:15 +0000] "GET /api/news HTTP/1.1" 200 699 "-" "Mozilla/5.0 (Windows NT 10.0; Win64; x64) AppleWebKit/537.36 (KHTML, like Gecko) Chrome/71.0.3578.98 Safari/537.36"
::1 - - [27/Jan/2019:12:34:31 +0000] "POST /api/signup HTTP/1.1" 404 1562 "-" "PostmanRuntime/7.6.0"
::1 - - [27/Jan/2019:12:36:42 +0000] "GET /api/signup HTTP/1.1" 404 1562 "-" "Mozilla/5.0 (Windows NT 10.0; Win64; x64) AppleWebKit/537.36 (KHTML, like Gecko) Chrome/71.0.3578.98 Safari/537.36"
::1 - - [27/Jan/2019:12:36:42 +0000] "GET /stylesheets/style.css HTTP/1.1" 200 111 "http://localhost:3000/api/signup" "Mozilla/5.0 (Windows NT 10.0; Win64; x64) AppleWebKit/537.36 (KHTML, like Gecko) Chrome/71.0.3578.98 Safari/537.36"
::1 - - [27/Jan/2019:12:37:02 +0000] "POST /api/signup HTTP/1.1" 404 1562 "-" "PostmanRuntime/7.6.0"
::1 - - [27/Jan/2019:12:47:31 +0000] "GET / HTTP/1.1" 304 - "-" "Mozilla/5.0 (Windows NT 10.0; Win64; x64) AppleWebKit/537.36 (KHTML, like Gecko) Chrome/71.0.3578.98 Safari/537.36"
::1 - - [27/Jan/2019:12:47:34 +0000] "GET /api HTTP/1.1" 200 23 "-" "Mozilla/5.0 (Windows NT 10.0; Win64; x64) AppleWebKit/537.36 (KHTML, like Gecko) Chrome/71.0.3578.98 Safari/537.36"
::1 - - [27/Jan/2019:12:47:38 +0000] "GET /api/news HTTP/1.1" 200 699 "-" "Mozilla/5.0 (Windows NT 10.0; Win64; x64) AppleWebKit/537.36 (KHTML, like Gecko) Chrome/71.0.3578.98 Safari/537.36"
::1 - - [27/Jan/2019:12:48:18 +0000] "POST /api/signup HTTP/1.1" 404 1562 "-" "PostmanRuntime/7.6.0"
::1 - - [27/Jan/2019:12:51:25 +0000] "POST /api/signup HTTP/1.1" 404 1562 "-" "PostmanRuntime/7.6.0"
::1 - - [27/Jan/2019:12:53:01 +0000] "POST /api/signup HTTP/1.1" 404 1562 "-" "PostmanRuntime/7.6.0"
::1 - - [27/Jan/2019:12:53:11 +0000] "GET /api/news HTTP/1.1" 200 699 "-" "PostmanRuntime/7.6.0"
::1 - - [27/Jan/2019:12:56:19 +0000] "POST /api/signup HTTP/1.1" 404 1562 "-" "PostmanRuntime/7.6.0"
